<?xml version="1.0" encoding="UTF-8"?>
<testsuite xmlns:xsi="http://www.w3.org/2001/XMLSchema-instance" xsi:noNamespaceSchemaLocation="https://maven.apache.org/surefire/maven-surefire-plugin/xsd/surefire-test-report-3.0.xsd" version="3.0" name="persistencia.AulaDAOTest" time="0.578" tests="1" errors="0" skipped="0" failures="0">
  <properties>
[...]
</properties>
  <testcase name="testEliminarAula" classname="persistencia.AulaDAOTest" time="0.521">
    <system-err><![CDATA[nov 22, 2023 11:25:10 A. M. persistencia.ConexioBBDD conectar
INFO: Connexió a la base de dades.
nov 22, 2023 11:25:10 A. M. persistencia.AulaDAO eliminarAula
WARNING: L'aula no s'ha pogut eliminar, te alumnes associats o l'id no es correcte
nov 22, 2023 11:25:10 A. M. persistencia.AulaDAO eliminarAula
INFO: L'aula amb id 3 s'ha eliminat correctament
nov 22, 2023 11:25:10 A. M. persistencia.ConexioBBDD tancarConexio
INFO: Conexió a la base de dades tancada.
]]></system-err>
  </testcase>
</testsuite>