<?xml version="1.0" encoding="UTF-8"?>
<testsuite xmlns:xsi="http://www.w3.org/2001/XMLSchema-instance" xsi:noNamespaceSchemaLocation="https://maven.apache.org/surefire/maven-surefire-plugin/xsd/surefire-test-report-3.0.xsd" version="3.0" name="probesIntegracio.AltaEmpleatTest" time="1.654" tests="1" errors="0" skipped="0" failures="0">
  <properties>
[...]
</properties>
  <testcase name="testAltaEmpleatError" classname="probesIntegracio.AltaEmpleatTest" time="1.608">
    <system-err><![CDATA[nov 09, 2023 11:14:56 A. M. probesIntegracio.AltaEmpleatTest testAltaEmpleatError
INFO: Client connectat al servidor
nov 09, 2023 11:14:57 A. M. probesIntegracio.AltaEmpleatTest testAltaEmpleatError
INFO: Petició enviada al servidor.
nov 09, 2023 11:14:57 A. M. persistencia.ConexioBBDD conectar
INFO: Connexió a la base de dades.
nov 09, 2023 11:14:57 A. M. persistencia.PersonaDAO altaPersona
SEVERE: null
java.sql.SQLIntegrityConstraintViolationException: Duplicate entry '46797529G' for key 'persona.dni'
	at com.mysql.cj.jdbc.exceptions.SQLError.createSQLException(SQLError.java:118)
	at com.mysql.cj.jdbc.exceptions.SQLExceptionsMapping.translateException(SQLExceptionsMapping.java:122)
	at com.mysql.cj.jdbc.ClientPreparedStatement.executeInternal(ClientPreparedStatement.java:916)
	at com.mysql.cj.jdbc.ClientPreparedStatement.executeUpdateInternal(ClientPreparedStatement.java:1061)
	at com.mysql.cj.jdbc.ClientPreparedStatement.executeUpdateInternal(ClientPreparedStatement.java:1009)
	at com.mysql.cj.jdbc.ClientPreparedStatement.executeLargeUpdate(ClientPreparedStatement.java:1320)
	at com.mysql.cj.jdbc.ClientPreparedStatement.executeUpdate(ClientPreparedStatement.java:994)
	at persistencia.PersonaDAO.altaPersona(PersonaDAO.java:52)
	at resposta.GenerarResposta.respostaAltaEmpleat(GenerarResposta.java:105)
	at resposta.ControladorResposta.gestionarResposta(ControladorResposta.java:57)
	at servidor.ServidorSocketListener$GestorClients.run(ServidorSocketListener.java:139)
	at java.base/java.util.concurrent.ThreadPoolExecutor.runWorker(ThreadPoolExecutor.java:1136)
	at java.base/java.util.concurrent.ThreadPoolExecutor$Worker.run(ThreadPoolExecutor.java:635)
	at java.base/java.lang.Thread.run(Thread.java:833)

nov 09, 2023 11:14:57 A. M. persistencia.EmpleatDAO altaEmpleat
SEVERE: null
java.sql.SQLIntegrityConstraintViolationException: Cannot add or update a child row: a foreign key constraint fails (`escola_bressol`.`empleat`, CONSTRAINT `empleat_ibfk_1` FOREIGN KEY (`persona_id`) REFERENCES `persona` (`id`))
	at com.mysql.cj.jdbc.exceptions.SQLError.createSQLException(SQLError.java:118)
	at com.mysql.cj.jdbc.exceptions.SQLExceptionsMapping.translateException(SQLExceptionsMapping.java:122)
	at com.mysql.cj.jdbc.ClientPreparedStatement.executeInternal(ClientPreparedStatement.java:916)
	at com.mysql.cj.jdbc.ClientPreparedStatement.executeUpdateInternal(ClientPreparedStatement.java:1061)
	at com.mysql.cj.jdbc.ClientPreparedStatement.executeUpdateInternal(ClientPreparedStatement.java:1009)
	at com.mysql.cj.jdbc.ClientPreparedStatement.executeLargeUpdate(ClientPreparedStatement.java:1320)
	at com.mysql.cj.jdbc.ClientPreparedStatement.executeUpdate(ClientPreparedStatement.java:994)
	at persistencia.EmpleatDAO.altaEmpleat(EmpleatDAO.java:52)
	at resposta.GenerarResposta.respostaAltaEmpleat(GenerarResposta.java:109)
	at resposta.ControladorResposta.gestionarResposta(ControladorResposta.java:57)
	at servidor.ServidorSocketListener$GestorClients.run(ServidorSocketListener.java:139)
	at java.base/java.util.concurrent.ThreadPoolExecutor.runWorker(ThreadPoolExecutor.java:1136)
	at java.base/java.util.concurrent.ThreadPoolExecutor$Worker.run(ThreadPoolExecutor.java:635)
	at java.base/java.lang.Thread.run(Thread.java:833)

nov 09, 2023 11:14:57 A. M. persistencia.UsuariDAO altaUsuari
SEVERE: null
java.sql.SQLIntegrityConstraintViolationException: Cannot add or update a child row: a foreign key constraint fails (`escola_bressol`.`usuari`, CONSTRAINT `usuari_ibfk_1` FOREIGN KEY (`persona_id`) REFERENCES `persona` (`id`))
	at com.mysql.cj.jdbc.exceptions.SQLError.createSQLException(SQLError.java:118)
	at com.mysql.cj.jdbc.exceptions.SQLExceptionsMapping.translateException(SQLExceptionsMapping.java:122)
	at com.mysql.cj.jdbc.ClientPreparedStatement.executeInternal(ClientPreparedStatement.java:916)
	at com.mysql.cj.jdbc.ClientPreparedStatement.executeUpdateInternal(ClientPreparedStatement.java:1061)
	at com.mysql.cj.jdbc.ClientPreparedStatement.executeUpdateInternal(ClientPreparedStatement.java:1009)
	at com.mysql.cj.jdbc.ClientPreparedStatement.executeLargeUpdate(ClientPreparedStatement.java:1320)
	at com.mysql.cj.jdbc.ClientPreparedStatement.executeUpdate(ClientPreparedStatement.java:994)
	at persistencia.UsuariDAO.altaUsuari(UsuariDAO.java:109)
	at resposta.GenerarResposta.respostaAltaEmpleat(GenerarResposta.java:112)
	at resposta.ControladorResposta.gestionarResposta(ControladorResposta.java:57)
	at servidor.ServidorSocketListener$GestorClients.run(ServidorSocketListener.java:139)
	at java.base/java.util.concurrent.ThreadPoolExecutor.runWorker(ThreadPoolExecutor.java:1136)
	at java.base/java.util.concurrent.ThreadPoolExecutor$Worker.run(ThreadPoolExecutor.java:635)
	at java.base/java.lang.Thread.run(Thread.java:833)

nov 09, 2023 11:14:57 A. M. resposta.GenerarResposta respostaAltaEmpleat
WARNING: ERROR No s'ha pogut insertar l'empleat ni l'usari associat
nov 09, 2023 11:14:57 A. M. persistencia.ConexioBBDD tancarConexio
INFO: Conexió a la base de dades tancada.
nov 09, 2023 11:14:57 A. M. probesIntegracio.AltaEmpleatTest testAltaEmpleatError
INFO: Dades rebudes per part del servidor.
nov 09, 2023 11:14:57 A. M. probesIntegracio.AltaEmpleatTest testAltaEmpleatError
INFO: Resultat esperat 0, resultat obtingut : 0
nov 09, 2023 11:14:57 A. M. probesIntegracio.AltaEmpleatTest testAltaEmpleatError
INFO: Socket del client tancat.
nov 09, 2023 11:14:57 A. M. probesIntegracio.AltaEmpleatTest tearDown
INFO: Servidor tancat.
nov 09, 2023 11:14:57 A. M. servidor.ServidorSocketListener escoltarClients
SEVERE: Servidor tancat, no es poden escoltar clients
nov 09, 2023 11:14:57 A. M. probesIntegracio.AltaEmpleatTest$1 run
INFO: Servidor escoltant clients.
]]></system-err>
  </testcase>
</testsuite>