<?xml version="1.0" encoding="UTF-8"?>
<testsuite xmlns:xsi="http://www.w3.org/2001/XMLSchema-instance" xsi:noNamespaceSchemaLocation="https://maven.apache.org/surefire/maven-surefire-plugin/xsd/surefire-test-report-3.0.xsd" version="3.0" name="probesIntegracio.LlistarAlumnesTest" time="1.357" tests="1" errors="0" skipped="0" failures="0">
  <properties>
[...]
</properties>
  <testcase name="testLlistarAlumnes" classname="probesIntegracio.LlistarAlumnesTest" time="1.298">
    <system-out><![CDATA[localhost/127.0.0.1
]]></system-out>
    <system-err><![CDATA[dic 11, 2023 8:05:45 P. M. probesIntegracio.LlistarAlumnesTest testLlistarAlumnes
INFO: Client connectat al servidor
dic 11, 2023 8:05:45 P. M. probesIntegracio.LlistarAlumnesTest testLlistarAlumnes
INFO: Petició enviada al servidor.
dic 11, 2023 8:05:45 P. M. probesIntegracio.LlistarAlumnesTest testLlistarAlumnes
SEVERE: null
java.net.SocketException: Socket is closed
	at java.base/sun.security.ssl.SSLSocketImpl.getInputStream(SSLSocketImpl.java:883)
	at probesIntegracio.LlistarAlumnesTest.testLlistarAlumnes(LlistarAlumnesTest.java:100)
	at java.base/jdk.internal.reflect.NativeMethodAccessorImpl.invoke0(Native Method)
	at java.base/jdk.internal.reflect.NativeMethodAccessorImpl.invoke(NativeMethodAccessorImpl.java:77)
	at java.base/jdk.internal.reflect.DelegatingMethodAccessorImpl.invoke(DelegatingMethodAccessorImpl.java:43)
	at java.base/java.lang.reflect.Method.invoke(Method.java:568)
	at org.junit.runners.model.FrameworkMethod$1.runReflectiveCall(FrameworkMethod.java:59)
	at org.junit.internal.runners.model.ReflectiveCallable.run(ReflectiveCallable.java:12)
	at org.junit.runners.model.FrameworkMethod.invokeExplosively(FrameworkMethod.java:56)
	at org.junit.internal.runners.statements.InvokeMethod.evaluate(InvokeMethod.java:17)
	at org.junit.internal.runners.statements.RunBefores.evaluate(RunBefores.java:26)
	at org.junit.internal.runners.statements.RunAfters.evaluate(RunAfters.java:27)
	at org.junit.runners.ParentRunner$3.evaluate(ParentRunner.java:306)
	at org.junit.runners.BlockJUnit4ClassRunner$1.evaluate(BlockJUnit4ClassRunner.java:100)
	at org.junit.runners.ParentRunner.runLeaf(ParentRunner.java:366)
	at org.junit.runners.BlockJUnit4ClassRunner.runChild(BlockJUnit4ClassRunner.java:103)
	at org.junit.runners.BlockJUnit4ClassRunner.runChild(BlockJUnit4ClassRunner.java:63)
	at org.junit.runners.ParentRunner$4.run(ParentRunner.java:331)
	at org.junit.runners.ParentRunner$1.schedule(ParentRunner.java:79)
	at org.junit.runners.ParentRunner.runChildren(ParentRunner.java:329)
	at org.junit.runners.ParentRunner.access$100(ParentRunner.java:66)
	at org.junit.runners.ParentRunner$2.evaluate(ParentRunner.java:293)
	at org.junit.runners.ParentRunner$3.evaluate(ParentRunner.java:306)
	at org.junit.runners.ParentRunner.run(ParentRunner.java:413)
	at org.apache.maven.surefire.junit4.JUnit4Provider.execute(JUnit4Provider.java:316)
	at org.apache.maven.surefire.junit4.JUnit4Provider.executeWithRerun(JUnit4Provider.java:240)
	at org.apache.maven.surefire.junit4.JUnit4Provider.executeTestSet(JUnit4Provider.java:214)
	at org.apache.maven.surefire.junit4.JUnit4Provider.invoke(JUnit4Provider.java:155)
	at org.apache.maven.surefire.booter.ForkedBooter.runSuitesInProcess(ForkedBooter.java:385)
	at org.apache.maven.surefire.booter.ForkedBooter.execute(ForkedBooter.java:162)
	at org.apache.maven.surefire.booter.ForkedBooter.run(ForkedBooter.java:507)
	at org.apache.maven.surefire.booter.ForkedBooter.main(ForkedBooter.java:495)

dic 11, 2023 8:05:45 P. M. servidor.ServidorSocketListener$GestorClients run
SEVERE: Error al conectar amb el client en el métode run de GestorClients
java.net.SocketException: Se ha anulado una conexión establecida por el software en su equipo host.
	at java.base/sun.nio.ch.NioSocketImpl.implWrite(NioSocketImpl.java:420)
	at java.base/sun.nio.ch.NioSocketImpl.write(NioSocketImpl.java:440)
	at java.base/sun.nio.ch.NioSocketImpl$2.write(NioSocketImpl.java:826)
	at java.base/java.net.Socket$SocketOutputStream.write(Socket.java:1035)
	at java.base/sun.security.ssl.SSLSocketOutputRecord.flush(SSLSocketOutputRecord.java:266)
	at java.base/sun.security.ssl.HandshakeOutStream.flush(HandshakeOutStream.java:89)
	at java.base/sun.security.ssl.Finished$T13FinishedProducer.onProduceFinished(Finished.java:787)
	at java.base/sun.security.ssl.Finished$T13FinishedProducer.produce(Finished.java:675)
	at java.base/sun.security.ssl.SSLHandshake.produce(SSLHandshake.java:440)
	at java.base/sun.security.ssl.ClientHello$T13ClientHelloConsumer.goServerHello(ClientHello.java:1246)
	at java.base/sun.security.ssl.ClientHello$T13ClientHelloConsumer.consume(ClientHello.java:1182)
	at java.base/sun.security.ssl.ClientHello$ClientHelloConsumer.onClientHello(ClientHello.java:840)
	at java.base/sun.security.ssl.ClientHello$ClientHelloConsumer.consume(ClientHello.java:801)
	at java.base/sun.security.ssl.SSLHandshake.consume(SSLHandshake.java:396)
	at java.base/sun.security.ssl.HandshakeContext.dispatch(HandshakeContext.java:480)
	at java.base/sun.security.ssl.HandshakeContext.dispatch(HandshakeContext.java:458)
	at java.base/sun.security.ssl.TransportContext.dispatch(TransportContext.java:200)
	at java.base/sun.security.ssl.SSLTransport.decode(SSLTransport.java:172)
	at java.base/sun.security.ssl.SSLSocketImpl.decode(SSLSocketImpl.java:1500)
	at java.base/sun.security.ssl.SSLSocketImpl.readHandshakeRecord(SSLSocketImpl.java:1415)
	at java.base/sun.security.ssl.SSLSocketImpl.startHandshake(SSLSocketImpl.java:450)
	at java.base/sun.security.ssl.SSLSocketImpl.ensureNegotiated(SSLSocketImpl.java:915)
	at java.base/sun.security.ssl.SSLSocketImpl$AppInputStream.read(SSLSocketImpl.java:1006)
	at java.base/sun.nio.cs.StreamDecoder.readBytes(StreamDecoder.java:270)
	at java.base/sun.nio.cs.StreamDecoder.implRead(StreamDecoder.java:313)
	at java.base/sun.nio.cs.StreamDecoder.read(StreamDecoder.java:188)
	at java.base/java.io.InputStreamReader.read(InputStreamReader.java:177)
	at java.base/java.io.BufferedReader.fill(BufferedReader.java:162)
	at java.base/java.io.BufferedReader.readLine(BufferedReader.java:329)
	at java.base/java.io.BufferedReader.readLine(BufferedReader.java:396)
	at servidor.ServidorSocketListener$GestorClients.run(ServidorSocketListener.java:137)
	at java.base/java.util.concurrent.ThreadPoolExecutor.runWorker(ThreadPoolExecutor.java:1136)
	at java.base/java.util.concurrent.ThreadPoolExecutor$Worker.run(ThreadPoolExecutor.java:635)
	at java.base/java.lang.Thread.run(Thread.java:833)

dic 11, 2023 8:05:45 P. M. probesIntegracio.LlistarAlumnesTest tearDown
INFO: Servidor tancat.
dic 11, 2023 8:05:45 P. M. servidor.ServidorSocketListener escoltarClients
SEVERE: Servidor tancat, no es poden escoltar clients
dic 11, 2023 8:05:45 P. M. probesIntegracio.LlistarAlumnesTest$1 run
INFO: Servidor escoltant clients.
]]></system-err>
  </testcase>
</testsuite>